nohup: ignoring input
Loading Data:
Starting Segmentation:
Current Ticker:  HIE
Current Index:  3947179
Current Ticker:  HI
Current Index:  3942666
Current Ticker:  HHC
Current Index:  3895451
Current Ticker:  HGV
Current Index:  3865358
Current Ticker:  HGLB
Current Index:  3787162
Current Ticker:  HGH
Current Index:  3782857
Current Ticker:  HFRO
Current Index:  3779422
Current Ticker:  HFC
Current Index:  3764253
Current Ticker:  HEXO
Current Index:  3641973
Current Ticker:  HESM
Current Index:  3579289
Current Ticker:  HES
Current Index:  3566212
Current Ticker:  HEQ
Current Index:  3436517
Current Ticker:  HEP
Current Index:  3434099
Current Ticker:  HEI.A
Current Index:  3407610
Current Ticker:  HEI
Current Index:  3372323
Current Ticker:  HE
Current Index:  3317946
Current Ticker:  HDB
Current Index:  3277915
Current Ticker:  HD
Current Index:  3186323
Current Ticker:  HCXZ
Current Index:  3048166
Current Ticker:  HCXY
Current Index:  3047778
Current Ticker:  HCI
Current Index:  3047444
Current Ticker:  HCHC
Current Index:  3040807
Current Ticker:  HCFT
Current Index:  3010210
Current Ticker:  HCC
Current Index:  3009005
Current Ticker:  HCA
Current Index:  2927537
Current Ticker:  HBM
Current Index:  2816541
Current Ticker:  HBI
Current Index:  2742327
Current Ticker:  HBB
Current Index:  2583457
Current Ticker:  HASI
Current Index:  2578529
Current Ticker:  HAL
Current Index:  2528832
Current Ticker:  HAE
Current Index:  2356222
Current Ticker:  H
Current Index:  2304242
Current Ticker:  GYC
Current Index:  2230377
Current Ticker:  GWW
Current Index:  2230152
Current Ticker:  GWRE
Current Index:  2185825
Current Ticker:  GWB
Current Index:  2119873
Current Ticker:  GVA
Current Index:  2082283
Current Ticker:  GUT
Current Index:  2032268
Current Ticker:  GTY
Current Index:  2028648
Current Ticker:  GTX
Current Index:  2012658
Current Ticker:  GTT
Current Index:  1948096
Current Ticker:  GTS
Current Index:  1901636
Current Ticker:  GTN.A
Current Index:  1880221
Current Ticker:  GTN
Current Index:  1880038
Current Ticker:  GTES
Current Index:  1806223
Current Ticker:  GSX
Current Index:  1760776
Current Ticker:  GSLD
Current Index:  1685535
Current Ticker:  GSL
Current Index:  1685108
Current Ticker:  GSK
Current Index:  1683631
Current Ticker:  GSH
Current Index:  1559480
Current Ticker:  GSBD
Current Index:  1558345
Current Ticker:  GSAH
Current Index:  1547862
Current Ticker:  GS
Current Index:  1542823
Current Ticker:  GRX
Current Index:  1419186
Current Ticker:  GRUB
Current Index:  1417779
Current Ticker:  GRP.U
Current Index:  1301265
Current Ticker:  GRC
Current Index:  1300977
Current Ticker:  GRAM
Current Index:  1295866
Current Ticker:  GRAF
Current Index:  1294199
Current Ticker:  GRA
Current Index:  1287744
Current Ticker:  GPX
Current Index:  1228684
Current Ticker:  GPS
Current Index:  1223061
Gapped Up:  GPS 2020-06-26 00:00:00-04:00
Current Ticker:  GPRK
Current Index:  1057253
Current Ticker:  GPN
Current Index:  1036051
Current Ticker:  GPMT
Current Index:  920257
Current Ticker:  GPM
Current Index:  865230
Current Ticker:  GPK
Current Index:  856973
Current Ticker:  GPJA
Current Index:  708358
Current Ticker:  GPI
Current Index:  706946
Current Ticker:  GPC
Current Index:  683137
Current Ticker:  GOOS
Current Index:  616160
Current Ticker:  GOLF
Current Index:  521619
Current Ticker:  GOLD
Current Index:  491723
Current Ticker:  GOL
Current Index:  322314
Current Ticker:  GOF
Current Index:  242490
Current Ticker:  GOAC
Current Index:  232625
Current Ticker:  GNW
Current Index:  232613
Current Ticker:  GNT
Current Index:  122389
Current Ticker:  GNRC
Current Index:  118297
Current Ticker:  GNL
Current Index:  56326
Writing Ticker:  GPS
Loading Data:
Starting Segmentation:
Current Ticker:  ANCN
Current Index:  2733201
Current Ticker:  ANAT
Current Index:  2732396
Current Ticker:  ANAB
Current Index:  2725406
Current Ticker:  AMZN
Current Index:  2689945
Current Ticker:  AMYT
Current Index:  2563194
Current Ticker:  AMWD
Current Index:  2562979
Current Ticker:  AMTX
Current Index:  2542505
Current Ticker:  AMTI
Current Index:  2537959
Current Ticker:  AMTD
Current Index:  2530932
Current Ticker:  AMTBB
Current Index:  2396394
Current Ticker:  AMTB
Current Index:  2396165
Current Ticker:  AMSWA
Current Index:  2390218
Current Ticker:  AMST
Current Index:  2375142
Current Ticker:  AMSF
Current Index:  2374943
Current Ticker:  AMSC
Current Index:  2363759
Current Ticker:  AMRS
Current Index:  2337959
Current Ticker:  AMRN
Current Index:  2251719
Current Ticker:  AMRK
Current Index:  2105493
Current Ticker:  AMRHW
Current Index:  2103285
Current Ticker:  AMRH
Current Index:  2103204
Current Ticker:  AMRB
Current Index:  2098379
Current Ticker:  AMPH
Current Index:  2098014
Current Ticker:  AMOT
Current Index:  2067825
Current Ticker:  AMNB
Current Index:  2061097
Current Ticker:  AMKR
Current Index:  2059427
Current Ticker:  AMHCW
Current Index:  1969228
Current Ticker:  AMHCU
Current Index:  1969113
Current Ticker:  AMHC
Current Index:  1968902
Current Ticker:  AMGN
Current Index:  1968787
Current Ticker:  AMEH
Current Index:  1841362
Current Ticker:  AMED
Current Index:  1831990
Current Ticker:  AMD
Current Index:  1794644
Current Ticker:  AMCX
Current Index:  1618208
Current Ticker:  AMCIW
Current Index:  1552597
Current Ticker:  AMCIU
Current Index:  1551839
Current Ticker:  AMCI
Current Index:  1551733
Current Ticker:  AMCA
Current Index:  1551097
Current Ticker:  AMBA
Current Index:  1550952
Current Ticker:  AMAT
Current Index:  1505212
Current Ticker:  AMAL
Current Index:  1339237
Current Ticker:  AMAG
Current Index:  1330349
Current Ticker:  ALYA
Current Index:  1270393
Current Ticker:  ALXO
Current Index:  1268921
Current Ticker:  ALXN
Current Index:  1265444
Current Ticker:  ALVR
Current Index:  1153723
Current Ticker:  ALTY
Current Index:  1148948
Current Ticker:  ALTR
Current Index:  1148441
Current Ticker:  ALTM
Current Index:  1110671
Current Ticker:  ALTA
Current Index:  1077018
Current Ticker:  ALT
Current Index:  1076427
Current Ticker:  ALSK
Current Index:  1051257
Current Ticker:  ALRS
Current Index:  1038038
Current Ticker:  ALRN
Current Index:  1036106
Current Ticker:  ALRM
Current Index:  1030011
Current Ticker:  ALPN
Current Index:  977653
Current Ticker:  ALOT
Current Index:  975437
Current Ticker:  ALNY
Current Index:  971586
Current Ticker:  ALNA
Current Index:  902384
Current Ticker:  ALLT
Current Index:  890949
Current Ticker:  ALLO
Current Index:  876279
Current Ticker:  ALLK
Current Index:  819193
Current Ticker:  ALKS
Current Index:  773885
Current Ticker:  ALJJ
Current Index:  683560
Current Ticker:  ALIM
Current Index:  682472
Current Ticker:  ALGT
Current Index:  679458
Current Ticker:  ALGN
Current Index:  653998
Current Ticker:  ALEC
Current Index:  568922
Current Ticker:  ALDX
Current Index:  528159
Current Ticker:  ALCO
Current Index:  502232
Current Ticker:  ALBO
Current Index:  500734
Current Ticker:  ALACW
Current Index:  489308
Current Ticker:  ALACU
Current Index:  489105
Current Ticker:  ALACR
Current Index:  489019
Current Ticker:  ALAC
Current Index:  488906
Current Ticker:  AKUS
Current Index:  488754
Current Ticker:  AKU
Current Index:  484419
Current Ticker:  AKTX
Current Index:  484258
Current Ticker:  AKTS
Current Index:  478862
Current Ticker:  AKRO
Current Index:  443908
Current Ticker:  AKER
Current Index:  426959
Current Ticker:  AKCA
Current Index:  420992
Current Ticker:  AKBA
Current Index:  394021
Current Ticker:  AKAM
Current Index:  304053
Current Ticker:  AIRTW
Current Index:  210012
Current Ticker:  AIRTP
Current Index:  209881
Current Ticker:  AIRT
Current Index:  209729
Current Ticker:  AIRR
Current Index:  209464
Current Ticker:  AIRG
Current Index:  208713
Current Ticker:  AIQ
Current Index:  200708
Current Ticker:  AINV
Current Index:  198982
Current Ticker:  AIMT
Current Index:  159372
Gapped Up:  AIMT 2020-08-31 00:00:00-04:00
Current Ticker:  AIMC
Current Index:  90083
Current Ticker:  AIKI
Current Index:  34753
Current Ticker:  AIHS
Current Index:  30571
Current Ticker:  AIH
Current Index:  25628
Current Ticker:  AIA
Current Index:  24263
Current Ticker:  AHPI
Current Index:  19263
Current Ticker:  AHCO
Current Index:  12025
Current Ticker:  AHACU
Current Index:  786
Current Ticker:  AGZD
Current Index:  590
Writing Ticker:  AIMT
Loading Data:
Starting Segmentation:
Current Ticker:  COO
Current Index:  4529786
Current Ticker:  COLD
Current Index:  4487745
Current Ticker:  COG
Current Index:  4378751
Current Ticker:  COF
Current Index:  4212701
Current Ticker:  COE
Current Index:  4088350
Current Ticker:  CODI
Current Index:  4086584
Current Ticker:  CO
Current Index:  4067535
Current Ticker:  CNXM
Current Index:  4056364
Current Ticker:  CNX
Current Index:  4023415
Current Ticker:  CNS
Current Index:  3870382
Current Ticker:  CNR
Current Index:  3847288
Current Ticker:  CNQ
Current Index:  3803223
Current Ticker:  CNP
Current Index:  3660011
Current Ticker:  CNO
Current Index:  3502189
Current Ticker:  CNNE
Current Index:  3403924
Current Ticker:  CNMD
Current Index:  3359299
Current Ticker:  CNK
Current Index:  3323961
Current Ticker:  CNI
Current Index:  3210358
Current Ticker:  CNHI
Current Index:  3131052
Current Ticker:  CNF
Current Index:  3036907
Current Ticker:  CNC
Current Index:  3036614
Current Ticker:  CNA
Current Index:  2890535
Current Ticker:  CMU
Current Index:  2863992
Current Ticker:  CMSD
Current Index:  2861303
Current Ticker:  CMSC
Current Index:  2858864
Current Ticker:  CMSA
Current Index:  2857770
Current Ticker:  CMS
Current Index:  2857045
Current Ticker:  CMRE
Current Index:  2739181
Current Ticker:  CMP
Current Index:  2691193
Current Ticker:  CMO
Current Index:  2655733
Current Ticker:  CMI
Current Index:  2589117
Current Ticker:  CMG
Current Index:  2496170
Current Ticker:  CMD
Current Index:  2447723
Current Ticker:  CMCM
Current Index:  2401019
Current Ticker:  CMC
Current Index:  2365396
Current Ticker:  CMA
Current Index:  2262347
Current Ticker:  CM
Current Index:  2151235
Current Ticker:  CLX
Current Index:  2117034
Current Ticker:  CLW
Current Index:  2028899
Current Ticker:  CLS
Current Index:  2007816
Current Ticker:  CLR
Current Index:  1960080
Current Ticker:  CLPR
Current Index:  1836402
Current Ticker:  CLNY
Current Index:  1833013
Current Ticker:  CLNC
Current Index:  1711368
Current Ticker:  CLI
Current Index:  1673439
Current Ticker:  CLH
Current Index:  1614149
Current Ticker:  CLGX
Current Index:  1571086
Current Ticker:  CLF
Current Index:  1510748
Current Ticker:  CLDT
Current Index:  1350078
Current Ticker:  CLDR
Current Index:  1314175
Current Ticker:  CLB
Current Index:  1171814
Current Ticker:  CLA.U
Current Index:  1099394
Current Ticker:  CL
Current Index:  1099059
Current Ticker:  CKH
Current Index:  953321
Current Ticker:  CIT
Current Index:  941309
Current Ticker:  CIR
Current Index:  858398
Current Ticker:  CIO
Current Index:  839109
Current Ticker:  CINR
Current Index:  795030
Current Ticker:  CIM
Current Index:  792795
Current Ticker:  CII
Current Index:  693515
Current Ticker:  CIG.C
Current Index:  683786
Current Ticker:  CIG
Current Index:  683143
Current Ticker:  CIF
Current Index:  584379
Current Ticker:  CIEN
Current Index:  582735
Current Ticker:  CIB
Current Index:  457260
Current Ticker:  CIA
Current Index:  421833
Current Ticker:  CI
Current Index:  416210
Current Ticker:  CHX
Current Index:  297605
Current Ticker:  CHWY
Current Index:  272079
Current Ticker:  CHU
Current Index:  183125
Current Ticker:  CHT
Current Index:  134491
Current Ticker:  CHS
Current Index:  121287
Current Ticker:  CHRA
Current Index:  4751
Current Ticker:  CHN
Current Index:  1205
Loading Data:
Starting Segmentation:
Current Ticker:  STKS
Current Index:  2413079
Current Ticker:  STKL
Current Index:  2411044
Current Ticker:  STIM
Current Index:  2374738
Current Ticker:  STFC
Current Index:  2358817
Current Ticker:  STEP
Current Index:  2353396
Current Ticker:  STCN
Current Index:  2351659
Current Ticker:  STBA
Current Index:  2349347
Current Ticker:  STAY
Current Index:  2334604
Current Ticker:  STAF
Current Index:  2218225
Current Ticker:  STAA
Current Index:  2216124
Current Ticker:  SSYS
Current Index:  2167274
Current Ticker:  SSTI
Current Index:  2113094
Current Ticker:  SSSS
Current Index:  2094925
Current Ticker:  SSRM
Current Index:  2085214
Current Ticker:  SSPKW
Current Index:  2006655
Current Ticker:  SSPKU
Current Index:  2006480
Current Ticker:  SSPK
Current Index:  2006319
Current Ticker:  SSP
Current Index:  2006064
Current Ticker:  SSNT
Current Index:  1961779
Current Ticker:  SSNC
Current Index:  1960135
Current Ticker:  SSKN
Current Index:  1855738
Current Ticker:  SSBI
Current Index:  1852637
Current Ticker:  SSB
Current Index:  1852326
Current Ticker:  SRTS
Current Index:  1826662
Current Ticker:  SRRK
Current Index:  1824939
Current Ticker:  SRRA
Current Index:  1810998
Current Ticker:  SRPT
Current Index:  1800189
Current Ticker:  SRNE
Current Index:  1719977
Gapped Up:  SRNE 2020-05-18 00:00:00-04:00
Gapped Up:  SRNE 2020-05-15 00:00:00-04:00
Current Ticker:  SRGA
Current Index:  1615779
Current Ticker:  SREV
Current Index:  1612796
Current Ticker:  SRET
Current Index:  1587446
Current Ticker:  SRDX
Current Index:  1577933
Current Ticker:  SRCL
Current Index:  1567563
Current Ticker:  SRCE
Current Index:  1497823
Current Ticker:  SRAX
Current Index:  1491878
Current Ticker:  SRACW
Current Index:  1487672
Current Ticker:  SRACU
Current Index:  1487408
Current Ticker:  SRAC
Current Index:  1487206
Current Ticker:  SQQQ
Current Index:  1486514
Current Ticker:  SQLV
Current Index:  1324566
Current Ticker:  SQBG
Current Index:  1324448
Gapped Up:  SQBG 2020-06-09 00:00:00-04:00
Current Ticker:  SPWR
Current Index:  1316044
Current Ticker:  SPWH
Current Index:  1193878
Current Ticker:  SPTN
Current Index:  1127521
Current Ticker:  SPT
Current Index:  1091850
Current Ticker:  SPSC
Current Index:  1066905
Current Ticker:  SPRT
Current Index:  1041399
Current Ticker:  SPRO
Current Index:  1039140
Current Ticker:  SPQQ
Current Index:  1030113
Current Ticker:  SPPI
Current Index:  1030025
Current Ticker:  SPOK
Current Index:  941282
Current Ticker:  SPNS
Current Index:  930607
Current Ticker:  SPNE
Current Index:  917341
Current Ticker:  SPLK
Current Index:  904835
Current Ticker:  SPKEP
Current Index:  802333
Current Ticker:  SPKE
Current Index:  801858
Current Ticker:  SPI
Current Index:  789808
Current Ticker:  SPFI
Current Index:  785104
Current Ticker:  SPCB
Current Index:  782576
Current Ticker:  SP
Current Index:  778419
Current Ticker:  SOXX
Current Index:  763151
Current Ticker:  SONO
Current Index:  713445
Current Ticker:  SONN
Current Index:  619489
Current Ticker:  SONM
Current Index:  614645
Current Ticker:  SONA
Current Index:  605865
Current Ticker:  SOLY
Current Index:  599668
Current Ticker:  SOLOW
Current Index:  587208
Current Ticker:  SOLO
Current Index:  586641
Current Ticker:  SOHU
Current Index:  566654
Current Ticker:  SOHOO
Current Index:  526906
Current Ticker:  SOHON
Current Index:  526597
Current Ticker:  SOHOB
Current Index:  526202
Current Ticker:  SOHO
Current Index:  525771
Current Ticker:  SOCL
Current Index:  522695
Current Ticker:  SNY
Current Index:  521672
Current Ticker:  SNUG
Current Index:  456698
Current Ticker:  SNSS
Current Index:  456526
Current Ticker:  SNSR
Current Index:  440318
Current Ticker:  SNPS
Current Index:  438219
Current Ticker:  SNOA
Current Index:  353430
Current Ticker:  SNLN
Current Index:  350953
Current Ticker:  SNGXW
Current Index:  346688
Current Ticker:  SNGX
Current Index:  346576
Current Ticker:  SNFCA
Current Index:  340266
Current Ticker:  SNEX
Current Index:  338808
Current Ticker:  SNES
Current Index:  337779
Current Ticker:  SNDX
Current Index:  334275
Current Ticker:  SNDL
Current Index:  313265
Current Ticker:  SNDE
Current Index:  286252
Current Ticker:  SND
Current Index:  283767
Current Ticker:  SNCR
Current Index:  256752
Current Ticker:  SNCA
Current Index:  214612
Current Ticker:  SNBR
Current Index:  211810
Current Ticker:  SNBP
Current Index:  155593
Current Ticker:  SMTX
Current Index:  155434
Current Ticker:  SMTC
Current Index:  150440
Current Ticker:  SMSI
Current Index:  101635
Current Ticker:  SMPL
Current Index:  75214
Current Ticker:  SMMT
Current Index:  3027
Current Ticker:  SMMF
Current Index:  1420
Writing Ticker:  SRNE
Writing Ticker:  SRNE
Writing Ticker:  SQBG
Loading Data:
Starting Segmentation:
Current Ticker:  TWOU
Current Index:  3084741
Current Ticker:  TWNKW
Current Index:  2995821
Current Ticker:  TWNK
Current Index:  2994483
Current Ticker:  TWIN
Current Index:  2901197
Current Ticker:  TWCTU
Current Index:  2897959
Current Ticker:  TW
Current Index:  2897735
Current Ticker:  TVTY
Current Index:  2830634
Current Ticker:  TUSK
Current Index:  2752865
Current Ticker:  TUSA
Current Index:  2724014
Current Ticker:  TURN
Current Index:  2723830
Current Ticker:  TUR
Current Index:  2723107
Current Ticker:  TTWO
Current Index:  2690590
Current Ticker:  TTTN
Current Index:  2583146
Current Ticker:  TTOO
Current Index:  2582972
Current Ticker:  TTNP
Current Index:  2537127
Current Ticker:  TTMI
Current Index:  2515338
Current Ticker:  TTGT
Current Index:  2429875
Current Ticker:  TTEK
Current Index:  2396016
Current Ticker:  TTEC
Current Index:  2357725
Current Ticker:  TTD
Current Index:  2341786
Current Ticker:  TSRI
Current Index:  2255790
Current Ticker:  TSLA
Current Index:  2255417
Current Ticker:  TSHA
Current Index:  2092367
Current Ticker:  TSEM
Current Index:  2091475
Current Ticker:  TSCO
Current Index:  2045473
Current Ticker:  TSCBP
Current Index:  1939802
Current Ticker:  TSCAP
Current Index:  1939415
Current Ticker:  TSC
Current Index:  1939218
Current Ticker:  TSBK
Current Index:  1923465
Current Ticker:  TRVN
Current Index:  1922318
Current Ticker:  TRVI
Current Index:  1885034
Current Ticker:  TRVG
Current Index:  1882942
Current Ticker:  TRUP
Current Index:  1847131
Current Ticker:  TRUE
Current Index:  1807364
Current Ticker:  TRST
Current Index:  1725211
Current Ticker:  TRS
Current Index:  1683370
Current Ticker:  TROW
Current Index:  1663324
Current Ticker:  TRNS
Current Index:  1572886
Current Ticker:  TRMT
Current Index:  1569848
Current Ticker:  TRMK
Current Index:  1568544
Current Ticker:  TRMD
Current Index:  1531223
Current Ticker:  TRMB
Current Index:  1529970
Current Ticker:  TRIP
Current Index:  1443617
Current Ticker:  TRIL
Current Index:  1319852
Current Ticker:  TRIB
Current Index:  1287135
Current Ticker:  TRHC
Current Index:  1279939
Current Ticker:  TREE
Current Index:  1239451
Current Ticker:  TRCH
Current Index:  1214980
Current Ticker:  TQQQ
Current Index:  1207260
Current Ticker:  TPTX
Current Index:  1039317
Current Ticker:  TPIC
Current Index:  1007047
Current Ticker:  TPCO
Current Index:  956128
Current Ticker:  TOWN
Current Index:  942820
Current Ticker:  TOUR
Current Index:  928828
Current Ticker:  TOTAW
Current Index:  922431
Current Ticker:  TOTAU
Current Index:  922280
Current Ticker:  TOTAR
Current Index:  922191
Current Ticker:  TOTA
Current Index:  922019
Current Ticker:  TORC
Current Index:  921886
Current Ticker:  TOPS
Current Index:  899348
Gapped Up:  TOPS 2020-06-05 00:00:00-04:00
Current Ticker:  TOMZ
Current Index:  877344
Current Ticker:  TNXP
Current Index:  877260
Current Ticker:  TNDM
Current Index:  858189
Current Ticker:  TNAV
Current Index:  774931
Current Ticker:  TMUS
Current Index:  736798
Current Ticker:  TMDX
Current Index:  598530
Current Ticker:  TMDI
Current Index:  581811
Current Ticker:  TLT
Current Index:  573415
Current Ticker:  TLSA
Current Index:  419115
Current Ticker:  TLRY
Current Index:  414942
Current Ticker:  TLND
Current Index:  339686
Current Ticker:  TLGT
Current Index:  301925
Current Ticker:  TLC
Current Index:  287333
Current Ticker:  TITN
Current Index:  286642
Current Ticker:  TIPT
Current Index:  267946
Current Ticker:  TILE
Current Index:  265291
Current Ticker:  TIGR
Current Index:  221332
Current Ticker:  TIGO
Current Index:  204385
Current Ticker:  TIG
Current Index:  197773
Current Ticker:  THWWW
Current Index:  193749
Current Ticker:  THTX
Current Index:  193283
Current Ticker:  THRY
Current Index:  190722
Current Ticker:  THRM
Current Index:  190663
Current Ticker:  THMO
Current Index:  168587
Current Ticker:  THFF
Current Index:  163870
Current Ticker:  THCBW
Current Index:  159656
Current Ticker:  THCBU
Current Index:  159443
Current Ticker:  THCB
Current Index:  159198
Current Ticker:  THCAW
Current Index:  158728
Current Ticker:  THCAU
Current Index:  158639
Current Ticker:  THCA
Current Index:  158452
Current Ticker:  THBRW
Current Index:  158308
Current Ticker:  THBRU
Current Index:  158101
Current Ticker:  THBR
Current Index:  157872
Current Ticker:  TH
Current Index:  157526
Current Ticker:  TGTX
Current Index:  140318
Current Ticker:  TGLS
Current Index:  44273
Current Ticker:  TGA
Current Index:  40311
Current Ticker:  TFSL
Current Index:  32728
Current Ticker:  TFFP
Current Index:  3385
Writing Ticker:  TOPS
Loading Data:
Starting Segmentation:
Current Ticker:  PDLI
Current Index:  2564300
Current Ticker:  PDLB
Current Index:  2484796
Current Ticker:  PDFS
Current Index:  2484024
Current Ticker:  PDEX
Current Index:  2462484
Current Ticker:  PDEV
Current Index:  2461107
Current Ticker:  PDD
Current Index:  2461010
Current Ticker:  PDCO
Current Index:  2308692
Current Ticker:  PDCE
Current Index:  2216542
Current Ticker:  PDBC
Current Index:  2109374
Current Ticker:  PCYO
Current Index:  2067510
Current Ticker:  PCYG
Current Index:  2062853
Current Ticker:  PCVX
Current Index:  2058362
Current Ticker:  PCTY
Current Index:  2053439
Current Ticker:  PCTI
Current Index:  2009917
Current Ticker:  PCSB
Current Index:  2001304
Current Ticker:  PCSA
Current Index:  1995931
Current Ticker:  PCRX
Current Index:  1995883
Current Ticker:  PCOM
Current Index:  1934581
Current Ticker:  PCH
Current Index:  1926596
Current Ticker:  PCB
Current Index:  1876160
Current Ticker:  PCAR
Current Index:  1873960
Current Ticker:  PBYI
Current Index:  1760249
Current Ticker:  PBTS
Current Index:  1681700
Current Ticker:  PBPB
Current Index:  1680699
Current Ticker:  PBIP
Current Index:  1643451
Current Ticker:  PBHC
Current Index:  1642884
Current Ticker:  PBFS
Current Index:  1642720
Current Ticker:  PBCTP
Current Index:  1640068
Current Ticker:  PBCT
Current Index:  1637669
Current Ticker:  PAYX
Current Index:  1484657
Current Ticker:  PAYS
Current Index:  1372181
Current Ticker:  PAVMZ
Current Index:  1337467
Current Ticker:  PAVMW
Current Index:  1336805
Current Ticker:  PAVM
Current Index:  1336716
Current Ticker:  PATK
Current Index:  1323397
Current Ticker:  PATI
Current Index:  1291721
Current Ticker:  PASG
Current Index:  1291323
Current Ticker:  PANL
Current Index:  1283985
Current Ticker:  PAND
Current Index:  1282482
Current Ticker:  PAHC
Current Index:  1279771
Current Ticker:  PAEWW
Current Index:  1258020
Current Ticker:  PAE
Current Index:  1257266
Current Ticker:  PACW
Current Index:  1237730
Current Ticker:  PACB
Current Index:  1160067
Current Ticker:  PAAS
Current Index:  1066012
Current Ticker:  OZK
Current Index:  943446
Current Ticker:  OYST
Current Index:  861568
Current Ticker:  OXSQZ
Current Index:  855444
Current Ticker:  OXSQL
Current Index:  855242
Current Ticker:  OXSQ
Current Index:  854985
Current Ticker:  OXLCP
Current Index:  840535
Current Ticker:  OXLCO
Current Index:  840194
Current Ticker:  OXLCM
Current Index:  839966
Current Ticker:  OXLC
Current Index:  839706
Current Ticker:  OXFD
Current Index:  816180
Current Ticker:  OXBRW
Current Index:  795933
Current Ticker:  OXBR
Current Index:  795593
Current Ticker:  OVLY
Current Index:  792366
Current Ticker:  OVID
Current Index:  791751
Current Ticker:  OVBC
Current Index:  763863
Current Ticker:  OTTR
Current Index:  763390
Current Ticker:  OTRKP
Current Index:  751020
Current Ticker:  OTRK
Current Index:  750926
Current Ticker:  OTLKW
Current Index:  744636
Current Ticker:  OTLK
Current Index:  744344
Current Ticker:  OTIC
Current Index:  729520
Current Ticker:  OTEX
Current Index:  720551
Current Ticker:  OTEL
Current Index:  665352
Current Ticker:  OSW
Current Index:  664823
Current Ticker:  OSUR
Current Index:  624687
Current Ticker:  OSTK
Current Index:  549395
Current Ticker:  OSS
Current Index:  462310
Current Ticker:  OSPN
Current Index:  459624
Current Ticker:  OSN
Current Index:  425457
Current Ticker:  OSMT
Current Index:  424366
Current Ticker:  OSIS
Current Index:  405607
Current Ticker:  OSBC
Current Index:  385666
Current Ticker:  ORTX
Current Index:  376088
Current Ticker:  ORSNW
Current Index:  351862
Current Ticker:  ORSNU
Current Index:  351441
Current Ticker:  ORSNR
Current Index:  351323
Current Ticker:  ORSN
Current Index:  351191
Current Ticker:  ORRF
Current Index:  351057
Current Ticker:  ORPH
Current Index:  349239
Current Ticker:  ORMP
Current Index:  348623
Current Ticker:  ORLY
Current Index:  344788
Current Ticker:  ORIC
Current Index:  280378
Current Ticker:  ORGS
Current Index:  274683
Current Ticker:  ORGO
Current Index:  271556
Current Ticker:  ORBC
Current Index:  264806
Current Ticker:  OPTT
Current Index:  207086
Current Ticker:  OPTN
Current Index:  197339
Current Ticker:  OPRX
Current Index:  173306
Current Ticker:  OPRT
Current Index:  162246
Current Ticker:  OPRA
Current Index:  154385
Current Ticker:  OPOF
Current Index:  132842
Current Ticker:  OPNT
Current Index:  132534
Current Ticker:  OPK
Current Index:  131285
Current Ticker:  OPINL
Current Index:  1579
Current Ticker:  OPINI
Current Index:  1125
Loading Data:
Starting Segmentation:
Current Ticker:  DVLU
Current Index:  2375342
Current Ticker:  DVAX
Current Index:  2375147
Current Ticker:  DUSA
Current Index:  2274681
Current Ticker:  DUOT
Current Index:  2274155
Current Ticker:  DUO
Current Index:  2273961
Current Ticker:  DTSS
Current Index:  2272898
Current Ticker:  DTIL
Current Index:  2271029
Current Ticker:  DTEA
Current Index:  2240459
Current Ticker:  DSWL
Current Index:  2235944
Current Ticker:  DSPG
Current Index:  2235639
Current Ticker:  DSKEW
Current Index:  2217351
Current Ticker:  DSKE
Current Index:  2216874
Current Ticker:  DSGX
Current Index:  2187147
Current Ticker:  DRTT
Current Index:  2171530
Current Ticker:  DRRX
Current Index:  2168310
Current Ticker:  DRNA
Current Index:  2121151
Current Ticker:  DRIV
Current Index:  2063252
Current Ticker:  DRIOW
Current Index:  2062488
Current Ticker:  DRIO
Current Index:  2062382
Current Ticker:  DRADP
Current Index:  2059805
Current Ticker:  DRAD
Current Index:  2059668
Current Ticker:  DPHCW
Current Index:  2056149
Current Ticker:  DPHCU
Current Index:  2053867
Current Ticker:  DPHC
Current Index:  2053276
Current Ticker:  DOYU
Current Index:  2045113
Current Ticker:  DOX
Current Index:  1983269
Current Ticker:  DORM
Current Index:  1910405
Current Ticker:  DOOO
Current Index:  1886026
Current Ticker:  DOMO
Current Index:  1877805
Current Ticker:  DOGZ
Current Index:  1829924
Current Ticker:  DOCU
Current Index:  1829221
Current Ticker:  DNLI
Current Index:  1707926
Current Ticker:  DNKN
Current Index:  1666078
Current Ticker:  DMXF
Current Index:  1589665
Current Ticker:  DMTK
Current Index:  1589547
Current Ticker:  DMRC
Current Index:  1585817
Current Ticker:  DMLP
Current Index:  1571200
Current Ticker:  DMAC
Current Index:  1566008
Current Ticker:  DLTR
Current Index:  1563354
Current Ticker:  DLTH
Current Index:  1442005
Current Ticker:  DLPNW
Current Index:  1407775
Current Ticker:  DLPN
Current Index:  1407692
Current Ticker:  DLHC
Current Index:  1405160
Current Ticker:  DKNG
Current Index:  1403672
Current Ticker:  DJCO
Current Index:  1364576
Current Ticker:  DISH
Current Index:  1364285
Current Ticker:  DISCK
Current Index:  1238593
Current Ticker:  DISCB
Current Index:  1100471
Current Ticker:  DISCA
Current Index:  1100297
Current Ticker:  DIOD
Current Index:  949201
Current Ticker:  DINT
Current Index:  909224
Current Ticker:  DHIL
Current Index:  908142
Current Ticker:  DHCNL
Current Index:  905779
Current Ticker:  DHCNI
Current Index:  904989
Current Ticker:  DHC
Current Index:  904157
Current Ticker:  DGRW
Current Index:  863534
Current Ticker:  DGRS
Current Index:  844346
Current Ticker:  DGRE
Current Index:  843611
Current Ticker:  DGLY
Current Index:  842889
Current Ticker:  DGII
Current Index:  830416
Current Ticker:  DGICB
Current Index:  812441
Current Ticker:  DGICA
Current Index:  812271
Current Ticker:  DFPHW
Current Index:  810004
Current Ticker:  DFPHU
Current Index:  809908
Current Ticker:  DFPH
Current Index:  809662
Current Ticker:  DFNL
Current Index:  809500
Current Ticker:  DFHTW
Current Index:  809015
Current Ticker:  DFHTU
Current Index:  809014
Current Ticker:  DFHT
Current Index:  808639
Current Ticker:  DFFN
Current Index:  808637
Gapped Up:  DFFN 2020-04-27 00:00:00-04:00
Gapped Up:  DFFN 2020-04-01 00:00:00-04:00
Current Ticker:  DENN
Current Index:  797165
Current Ticker:  DDOG
Current Index:  729691
Current Ticker:  DDIV
Current Index:  655339
Current Ticker:  DCTH
Current Index:  655013
Current Ticker:  DCT
Current Index:  654165
Current Ticker:  DCPH
Current Index:  649992
Current Ticker:  DCOMP
Current Index:  607248
Current Ticker:  DCOM
Current Index:  606680
Current Ticker:  DBX
Current Index:  583773
Current Ticker:  DBVT
Current Index:  432726
Current Ticker:  DAX
Current Index:  405776
Current Ticker:  DARE
Current Index:  405361
Current Ticker:  DALI
Current Index:  401553
Current Ticker:  DAKT
Current Index:  401325
Current Ticker:  DAIO
Current Index:  373594
Current Ticker:  DADA
Current Index:  372147
Current Ticker:  CZWI
Current Index:  359429
Current Ticker:  CZR
Current Index:  358719
Current Ticker:  CZNC
Current Index:  202638
Current Ticker:  CYTK
Current Index:  201194
Current Ticker:  CYRX
Current Index:  141585
Current Ticker:  CYRN
Current Index:  95515
Current Ticker:  CYCN
Current Index:  94422
Current Ticker:  CYCCP
Current Index:  76907
Current Ticker:  CYCC
Current Index:  76722
Current Ticker:  CYBR
Current Index:  70885
Current Ticker:  CYBE
Current Index:  8807
Current Ticker:  CYAN
Current Index:  2391
Current Ticker:  CYAD
Current Index:  2079
Current Ticker:  CXSE
Current Index:  1113
Writing Ticker:  DFFN
Writing Ticker:  DFFN
Loading Data:
Starting Segmentation:
Current Ticker:  INSUW
Current Index:  2112064
Current Ticker:  INSUU
Current Index:  2111405
Current Ticker:  INSU
Current Index:  2111260
Current Ticker:  INSM
Current Index:  2106190
Current Ticker:  INSG
Current Index:  2022730
Current Ticker:  INSE
Current Index:  1944739
Current Ticker:  INPX
Current Index:  1941455
Gapped Up:  INPX 2020-01-03 00:00:00-05:00
Current Ticker:  INOV
Current Index:  1917850
Current Ticker:  INOD
Current Index:  1862370
Current Ticker:  INO
Current Index:  1861587
Current Ticker:  INMD
Current Index:  1762068
Current Ticker:  INMB
Current Index:  1730406
Current Ticker:  INGN
Current Index:  1726874
Current Ticker:  INFR
Current Index:  1681971
Current Ticker:  INFN
Current Index:  1681758
Current Ticker:  INFI
Current Index:  1568069
Current Ticker:  INDY
Current Index:  1559412
Current Ticker:  INDB
Current Index:  1549863
Current Ticker:  INCY
Current Index:  1533617
Current Ticker:  INBX
Current Index:  1438246
Current Ticker:  INBKZ
Current Index:  1437001
Current Ticker:  INBKL
Current Index:  1436811
Current Ticker:  INBK
Current Index:  1436713
Current Ticker:  INAQU
Current Index:  1432988
Current Ticker:  IMXI
Current Index:  1432965
Current Ticker:  IMVT
Current Index:  1414279
Current Ticker:  IMV
Current Index:  1397815
Current Ticker:  IMUX
Current Index:  1390989
Current Ticker:  IMTXW
Current Index:  1382518
Current Ticker:  IMTX
Current Index:  1382308
Current Ticker:  IMTE
Current Index:  1378836
Current Ticker:  IMRNW
Current Index:  1377717
Current Ticker:  IMRN
Current Index:  1377386
Current Ticker:  IMRA
Current Index:  1373387
Current Ticker:  IMOS
Current Index:  1371179
Current Ticker:  IMNM
Current Index:  1370158
Current Ticker:  IMMU
Current Index:  1370074
Gapped Up:  IMMU 2020-09-14 00:00:00-04:00
Gapped Up:  IMMU 2020-04-06 00:00:00-04:00
Current Ticker:  IMMR
Current Index:  1250015
Current Ticker:  IMMP
Current Index:  1210630
Current Ticker:  IMKTA
Current Index:  1204878
Current Ticker:  IMGN
Current Index:  1193889
Current Ticker:  IMBI
Current Index:  1081794
Current Ticker:  IMACW
Current Index:  1079879
Current Ticker:  IMAC
Current Index:  1079722
Current Ticker:  IMAB
Current Index:  1077645
Current Ticker:  ILPT
Current Index:  1072515
Current Ticker:  ILMN
Current Index:  1029378
Current Ticker:  IKNX
Current Index:  945006
Current Ticker:  IJT
Current Index:  944644
Current Ticker:  IIVIP
Current Index:  937120
Current Ticker:  IIVI
Current Index:  937056
Current Ticker:  IIN
Current Index:  847603
Current Ticker:  IIIV
Current Index:  833575
Current Ticker:  IIIN
Current Index:  812171
Current Ticker:  III
Current Index:  798371
Current Ticker:  IHRT
Current Index:  789560
Current Ticker:  IGSB
Current Index:  753569
Current Ticker:  IGOV
Current Index:  704864
Current Ticker:  IGMS
Current Index:  694627
Current Ticker:  IGICW
Current Index:  684338
Current Ticker:  IGIC
Current Index:  684091
Current Ticker:  IGIB
Current Index:  683298
Current Ticker:  IGF
Current Index:  645983
Current Ticker:  IGACU
Current Index:  628980
Current Ticker:  IFV
Current Index:  628820
Current Ticker:  IFRX
Current Index:  625524
Current Ticker:  IFMK
Current Index:  605071
Current Ticker:  IFGL
Current Index:  601580
Current Ticker:  IEUS
Current Index:  596814
Current Ticker:  IESC
Current Index:  596002
Current Ticker:  IEP
Current Index:  593056
Current Ticker:  IEI
Current Index:  586966
Current Ticker:  IEF
Current Index:  569993
Current Ticker:  IEC
Current Index:  457414
Current Ticker:  IEAWW
Current Index:  454098
Current Ticker:  IEA
Current Index:  453824
Current Ticker:  IDYA
Current Index:  447904
Current Ticker:  IDXX
Current Index:  440903
Current Ticker:  IDXG
Current Index:  387562
Current Ticker:  IDRA
Current Index:  384127
Current Ticker:  IDN
Current Index:  369915
Current Ticker:  IDLB
Current Index:  363580
Current Ticker:  IDEX
Current Index:  363341
Current Ticker:  IDCC
Current Index:  325268
Current Ticker:  ICUI
Current Index:  294444
Current Ticker:  ICPT
Current Index:  268162
Current Ticker:  ICON
Current Index:  210562
Current Ticker:  ICMB
Current Index:  204846
Current Ticker:  ICLR
Current Index:  203960
Current Ticker:  ICLN
Current Index:  162797
Current Ticker:  ICLK
Current Index:  138535
Current Ticker:  ICHR
Current Index:  123249
Current Ticker:  ICFI
Current Index:  84759
Current Ticker:  ICCH
Current Index:  66781
Current Ticker:  ICCC
Current Index:  66672
Current Ticker:  ICBK
Current Index:  65907
Current Ticker:  ICAD
Current Index:  64585
Current Ticker:  IBUY
Current Index:  44423
Current Ticker:  IBTX
Current Index:  39743
Current Ticker:  IBTK
Current Index:  83
Writing Ticker:  INPX
Writing Ticker:  IMMU
Writing Ticker:  IMMU
Loading Data:
Starting Segmentation:
Current Ticker:  MPLX
Current Index:  3411241
Current Ticker:  MPC
Current Index:  3292629
Current Ticker:  MPA
Current Index:  3131170
Current Ticker:  MOV
Current Index:  3130397
Current Ticker:  MOS
Current Index:  3103883
Current Ticker:  MOH
Current Index:  2949917
Current Ticker:  MOGU
Current Index:  2890728
Current Ticker:  MOG.B
Current Index:  2885967
Current Ticker:  MOG.A
Current Index:  2885819
Current Ticker:  MODN
Current Index:  2868003
Current Ticker:  MOD
Current Index:  2834688
Current Ticker:  MO
Current Index:  2802008
Current Ticker:  MNRL
Current Index:  2639140
Current Ticker:  MNR
Current Index:  2607855
Current Ticker:  MNP
Current Index:  2564864
Current Ticker:  MNK
Current Index:  2563291
Current Ticker:  MN
Current Index:  2439254
Current Ticker:  MMU
Current Index:  2435891
Current Ticker:  MMT
Current Index:  2432097
Current Ticker:  MMS
Current Index:  2420674
Current Ticker:  MMP
Current Index:  2381886
Current Ticker:  MMM
Current Index:  2306732
Current Ticker:  MMI
Current Index:  2183145
Current Ticker:  MMD
Current Index:  2159592
Current Ticker:  MMC
Current Index:  2156962
Current Ticker:  MLR
Current Index:  2051032
Current Ticker:  MLP
Current Index:  2044720
Current Ticker:  MLM
Current Index:  2043887
Current Ticker:  MLI
Current Index:  1981778
Current Ticker:  MKL
Current Index:  1957065
Current Ticker:  MKC.V
Current Index:  1906319
Current Ticker:  MKC
Current Index:  1906142
Current Ticker:  MIY
Current Index:  1838566
Current Ticker:  MIXT
Current Index:  1836927
Current Ticker:  MITT
Current Index:  1829171
Current Ticker:  MIN
Current Index:  1786937
Current Ticker:  MIE
Current Index:  1765775
Current Ticker:  MIC
Current Index:  1754490
Current Ticker:  MHO
Current Index:  1693513
Current Ticker:  MHNC
Current Index:  1666166
Current Ticker:  MHN
Current Index:  1665117
Current Ticker:  MHLA
Current Index:  1661128
Current Ticker:  MHK
Current Index:  1660316
Current Ticker:  MHI
Current Index:  1587226
Current Ticker:  MHF
Current Index:  1583209
Current Ticker:  MHE
Current Index:  1581767
Current Ticker:  MHD
Current Index:  1581470
Current Ticker:  MGY
Current Index:  1580360
Current Ticker:  MGU
Current Index:  1466170
Current Ticker:  MGRB
Current Index:  1462251
Current Ticker:  MGR
Current Index:  1462160
Current Ticker:  MGP
Current Index:  1460334
Current Ticker:  MGM
Current Index:  1371011
Current Ticker:  MGF
Current Index:  1208370
Current Ticker:  MGA
Current Index:  1205217
Current Ticker:  MG
Current Index:  1125846
Current Ticker:  MFV
Current Index:  1111521
Current Ticker:  MFT
Current Index:  1111039
Current Ticker:  MFO
Current Index:  1109653
Current Ticker:  MFM
Current Index:  1108577
Current Ticker:  MFL
Current Index:  1102776
Current Ticker:  MFGP
Current Index:  1096026
Current Ticker:  MFG
Current Index:  1045184
Current Ticker:  MFD
Current Index:  1006480
Current Ticker:  MFC
Current Index:  1005521
Current Ticker:  MFAC
Current Index:  887632
Current Ticker:  MFA
Current Index:  886872
Gapped Up:  MFA 2020-03-26 00:00:00-04:00
Current Ticker:  MET
Current Index:  768349
Current Ticker:  MEN
Current Index:  609406
Current Ticker:  MEI
Current Index:  604692
Current Ticker:  MEG
Current Index:  579369
Current Ticker:  MED
Current Index:  575284
Current Ticker:  MEC
Current Index:  542018
Current Ticker:  MDU
Current Index:  536050
Current Ticker:  MDT
Current Index:  444628
Current Ticker:  MDP
Current Index:  288413
Current Ticker:  MDLY
Current Index:  228540
Current Ticker:  MDLX
Current Index:  226353
Current Ticker:  MDLQ
Current Index:  225596
Current Ticker:  MDLA
Current Index:  224873
Current Ticker:  MDC
Current Index:  159453
Current Ticker:  MD
Current Index:  108626
Current Ticker:  MCY
Current Index:  29376
Current Ticker:  MCX
Current Index:  859
Current Ticker:  MCV
Current Index:  435
Writing Ticker:  MFA
Loading Data:
Starting Segmentation:
Current Ticker:  CXDO
Current Index:  2587936
Current Ticker:  CXDC
Current Index:  2587384
Current Ticker:  CWST
Current Index:  2586089
Current Ticker:  CWCO
Current Index:  2553024
Current Ticker:  CWBR
Current Index:  2545625
Current Ticker:  CWBC
Current Index:  2539198
Current Ticker:  CVV
Current Index:  2538883
Current Ticker:  CVLY
Current Index:  2537933
Current Ticker:  CVLT
Current Index:  2536881
Current Ticker:  CVLG
Current Index:  2484990
Current Ticker:  CVGW
Current Index:  2482373
Current Ticker:  CVGI
Current Index:  2459982
Current Ticker:  CVET
Current Index:  2426494
Current Ticker:  CVCY
Current Index:  2331473
Current Ticker:  CVCO
Current Index:  2329479
Current Ticker:  CVBF
Current Index:  2318011
Current Ticker:  CVAC
Current Index:  2260326
Current Ticker:  CUTR
Current Index:  2255262
Current Ticker:  CUE
Current Index:  2231393
Current Ticker:  CUBA
Current Index:  2215560
Current Ticker:  CTXS
Current Index:  2214998
Current Ticker:  CTXRW
Current Index:  2108386
Current Ticker:  CTXR
Current Index:  2108282
Current Ticker:  CTSO
Current Index:  2102213
Current Ticker:  CTSH
Current Index:  2074318
Current Ticker:  CTRN
Current Index:  1930066
Current Ticker:  CTRM
Current Index:  1915177
Current Ticker:  CTRE
Current Index:  1902764
Current Ticker:  CTMX
Current Index:  1822120
Current Ticker:  CTIC
Current Index:  1781064
Current Ticker:  CTIB
Current Index:  1764728
Current Ticker:  CTHR
Current Index:  1762782
Current Ticker:  CTG
Current Index:  1758705
Current Ticker:  CTBI
Current Index:  1756985
Current Ticker:  CTAS
Current Index:  1752710
Current Ticker:  CSX
Current Index:  1696598
Current Ticker:  CSWI
Current Index:  1542431
Current Ticker:  CSWCL
Current Index:  1532942
Current Ticker:  CSWC
Current Index:  1532714
Current Ticker:  CSTR
Current Index:  1524238
Current Ticker:  CSTL
Current Index:  1519755
Current Ticker:  CSTE
Current Index:  1504597
Current Ticker:  CSSEP
Current Index:  1484747
Current Ticker:  CSSEN
Current Index:  1484384
Current Ticker:  CSSE
Current Index:  1484281
Current Ticker:  CSQ
Current Index:  1482866
Current Ticker:  CSPI
Current Index:  1469208
Current Ticker:  CSOD
Current Index:  1468847
Current Ticker:  CSML
Current Index:  1413110
Current Ticker:  CSIQ
Current Index:  1412603
Current Ticker:  CSII
Current Index:  1345106
Current Ticker:  CSGS
Current Index:  1304795
Current Ticker:  CSGP
Current Index:  1279944
Current Ticker:  CSF
Current Index:  1243068
Current Ticker:  CSCW
Current Index:  1242542
Current Ticker:  CSCO
Current Index:  1242491
Current Ticker:  CSBR
Current Index:  1068644
Current Ticker:  CSB
Current Index:  1065335
Current Ticker:  CSA
Current Index:  1064945
Current Ticker:  CRWS
Current Index:  1064708
Current Ticker:  CRWD
Current Index:  1063305
Current Ticker:  CRVS
Current Index:  965885
Current Ticker:  CRVL
Current Index:  954625
Current Ticker:  CRUS
Current Index:  945493
Current Ticker:  CRTX
Current Index:  882203
Current Ticker:  CRTO
Current Index:  868993
Current Ticker:  CRTDW
Current Index:  823269
Current Ticker:  CRTD
Current Index:  823253
Current Ticker:  CRSR
Current Index:  823211
Current Ticker:  CRSP
Current Index:  821315
Current Ticker:  CRSAW
Current Index:  763715
Current Ticker:  CRSAU
Current Index:  763353
Current Ticker:  CRSA
Current Index:  763162
Current Ticker:  CROX
Current Index:  762048
Current Ticker:  CRON
Current Index:  660714
Current Ticker:  CRNX
Current Index:  543750
Current Ticker:  CRNT
Current Index:  531827
Current Ticker:  CRNC
Current Index:  494229
Current Ticker:  CRMT
Current Index:  455275
Current Ticker:  CRIS
Current Index:  442959
Current Ticker:  CREXW
Current Index:  432237
Current Ticker:  CREX
Current Index:  432134
Current Ticker:  CRESY
Current Index:  428956
Current Ticker:  CREG
Current Index:  415984
Current Ticker:  CREE
Current Index:  412703
Current Ticker:  CRDF
Current Index:  323554
Current Ticker:  CRBP
Current Index:  316697
Current Ticker:  CRAI
Current Index:  245610
Current Ticker:  CPZ
Current Index:  239382
Current Ticker:  CPTAL
Current Index:  237518
Current Ticker:  CPTAG
Current Index:  237141
Current Ticker:  CPTA
Current Index:  236874
Current Ticker:  CPST
Current Index:  228767
Current Ticker:  CPSS
Current Index:  223620
Current Ticker:  CPSI
Current Index:  221709
Current Ticker:  CPSH
Current Index:  207407
Current Ticker:  CPRX
Current Index:  205746
Current Ticker:  CPRT
Current Index:  110425
Current Ticker:  CPLP
Current Index:  14417
Current Ticker:  CPIX
Current Index:  951
Loading Data:
Starting Segmentation:
Current Ticker:  FORK
Current Index:  2108527
Current Ticker:  FORD
Current Index:  2107572
Current Ticker:  FONR
Current Index:  2106369
Current Ticker:  FOLD
Current Index:  2102676
Current Ticker:  FOCS
Current Index:  1972719
Current Ticker:  FNY
Current Index:  1939353
Current Ticker:  FNX
Current Index:  1937707
Current Ticker:  FNWB
Current Index:  1936176
Current Ticker:  FNLC
Current Index:  1934898
Current Ticker:  FNKO
Current Index:  1933930
Current Ticker:  FNK
Current Index:  1879341
Current Ticker:  FNHC
Current Index:  1879012
Current Ticker:  FNCB
Current Index:  1871585
Current Ticker:  FMTX
Current Index:  1869639
Current Ticker:  FMNB
Current Index:  1865134
Current Ticker:  FMK
Current Index:  1860403
Current Ticker:  FMHI
Current Index:  1860214
Current Ticker:  FMCIW
Current Index:  1859404
Current Ticker:  FMCIU
Current Index:  1854523
Current Ticker:  FMCI
Current Index:  1854378
Current Ticker:  FMBIP
Current Index:  1844042
Current Ticker:  FMBIO
Current Index:  1843683
Current Ticker:  FMBI
Current Index:  1843332
Current Ticker:  FMBH
Current Index:  1785893
Current Ticker:  FMB
Current Index:  1783547
Current Ticker:  FMAO
Current Index:  1778268
Current Ticker:  FLXS
Current Index:  1777117
Current Ticker:  FLXN
Current Index:  1772548
Current Ticker:  FLWS
Current Index:  1708971
Current Ticker:  FLUX
Current Index:  1652324
Current Ticker:  FLNT
Current Index:  1651389
Current Ticker:  FLN
Current Index:  1620152
Current Ticker:  FLMNW
Current Index:  1619080
Current Ticker:  FLMN
Current Index:  1618937
Current Ticker:  FLL
Current Index:  1594557
Current Ticker:  FLIR
Current Index:  1590236
Current Ticker:  FLIC
Current Index:  1515375
Current Ticker:  FLGT
Current Index:  1507800
Current Ticker:  FLEX
Current Index:  1488226
Current Ticker:  FLDM
Current Index:  1343602
Current Ticker:  FKU
Current Index:  1266640
Current Ticker:  FKO
Current Index:  1266419
Current Ticker:  FJP
Current Index:  1266305
Current Ticker:  FIZZ
Current Index:  1264985
Current Ticker:  FIXX
Current Index:  1220506
Current Ticker:  FIXD
Current Index:  1191122
Current Ticker:  FIVN
Current Index:  1172092
Current Ticker:  FIVE
Current Index:  1103786
Current Ticker:  FITBP
Current Index:  1012050
Current Ticker:  FITBO
Current Index:  1011671
Current Ticker:  FITBI
Current Index:  1010027
Current Ticker:  FITB
Current Index:  1007791
Current Ticker:  FISV
Current Index:  842736
Current Ticker:  FISI
Current Index:  692834
Current Ticker:  FINX
Current Index:  688012
Current Ticker:  FIIIW
Current Index:  678921
Current Ticker:  FIIIU
Current Index:  678856
Current Ticker:  FIII
Current Index:  678451
Current Ticker:  FID
Current Index:  678426
Current Ticker:  FIBK
Current Index:  677874
Current Ticker:  FHK
Current Index:  649186
Current Ticker:  FHB
Current Index:  649088
Current Ticker:  FGM
Current Index:  561994
Current Ticker:  FGEN
Current Index:  561685
Current Ticker:  FGBI
Current Index:  504333
Current Ticker:  FFWM
Current Index:  503840
Current Ticker:  FFNW
Current Index:  486817
Current Ticker:  FFIV
Current Index:  485157
Current Ticker:  FFIN
Current Index:  417723
Current Ticker:  FFIC
Current Index:  377258
Current Ticker:  FFHL
Current Index:  366803
Current Ticker:  FFBW
Current Index:  364359
Current Ticker:  FFBC
Current Index:  364029
Current Ticker:  FEYE
Current Index:  323033
Current Ticker:  FEX
Current Index:  193866
Current Ticker:  FEUZ
Current Index:  191220
Current Ticker:  FEP
Current Index:  190929
Current Ticker:  FENC
Current Index:  186754
Current Ticker:  FEMS
Current Index:  178918
Current Ticker:  FEMB
Current Index:  177687
Current Ticker:  FEM
Current Index:  175111
Current Ticker:  FELE
Current Index:  168389
Current Ticker:  FEIM
Current Index:  149521
Current Ticker:  FDUSZ
Current Index:  148735
Current Ticker:  FDUSL
Current Index:  148431
Current Ticker:  FDUSG
Current Index:  148219
Current Ticker:  FDUS
Current Index:  147995
Current Ticker:  FDTS
Current Index:  136501
Current Ticker:  FDT
Current Index:  136363
Current Ticker:  FDNI
Current Index:  132419
Current Ticker:  FDIV
Current Index:  131944
Current Ticker:  FDBC
Current Index:  131524
Current Ticker:  FCVT
Current Index:  130951
Current Ticker:  FCRD
Current Index:  127700
Current Ticker:  FCNCP
Current Index:  127413
Current Ticker:  FCNCA
Current Index:  125923
Current Ticker:  FCFS
Current Index:  119311
Current Ticker:  FCEL
Current Index:  86671
Gapped Up:  FCEL 2019-11-06 00:00:00-05:00
Current Ticker:  FCEF
Current Index:  1282
Current Ticker:  FCCY
Current Index:  933
Writing Ticker:  FCEL
Loading Data:
Starting Segmentation:
Current Ticker:  AGYS
Current Index:  3450718
Current Ticker:  AGTC
Current Index:  3428624
Current Ticker:  AGRX
Current Index:  3413877
Current Ticker:  AGNCP
Current Index:  3372812
Current Ticker:  AGNCO
Current Index:  3369548
Current Ticker:  AGNCN
Current Index:  3366635
Current Ticker:  AGNCM
Current Index:  3364481
Current Ticker:  AGNC
Current Index:  3362459
Current Ticker:  AGMH
Current Index:  3216462
Current Ticker:  AGLE
Current Index:  3215944
Current Ticker:  AGIO
Current Index:  3201051
Current Ticker:  AGFS
Current Index:  3141877
Current Ticker:  AGEN
Current Index:  3125515
Current Ticker:  AGCUU
Current Index:  3039656
Current Ticker:  AGBAW
Current Index:  3039229
Current Ticker:  AGBAU
Current Index:  3039117
Current Ticker:  AGBAR
Current Index:  3039000
Current Ticker:  AGBA
Current Index:  3038906
Current Ticker:  AFYA
Current Index:  3038801
Current Ticker:  AFMD
Current Index:  3012558
Current Ticker:  AFINP
Current Index:  2948636
Current Ticker:  AFIN
Current Index:  2946749
Current Ticker:  AFIB
Current Index:  2896963
Current Ticker:  AEZS
Current Index:  2893695
Current Ticker:  AEYE
Current Index:  2883068
Current Ticker:  AEY
Current Index:  2880385
Current Ticker:  AESE
Current Index:  2877765
Current Ticker:  AERI
Current Index:  2873262
Current Ticker:  AEPPZ
Current Index:  2801611
Current Ticker:  AEPPL
Current Index:  2801585
Current Ticker:  AEP
Current Index:  2801571
Current Ticker:  AEMD
Current Index:  2681168
Current Ticker:  AEIS
Current Index:  2675031
Current Ticker:  AEHR
Current Index:  2640329
Current Ticker:  AEGN
Current Index:  2637172
Current Ticker:  ADXS
Current Index:  2622041
Current Ticker:  ADXN
Current Index:  2604025
Current Ticker:  ADVM
Current Index:  2603906
Current Ticker:  ADUS
Current Index:  2525900
Current Ticker:  ADTX
Current Index:  2506817
Current Ticker:  ADTN
Current Index:  2504545
Current Ticker:  ADSK
Current Index:  2463459
Current Ticker:  ADRO
Current Index:  2354126
Current Ticker:  ADRE
Current Index:  2300233
Current Ticker:  ADPT
Current Index:  2299926
Current Ticker:  ADP
Current Index:  2245789
Current Ticker:  ADMS
Current Index:  2133528
Current Ticker:  ADMP
Current Index:  2093974
Current Ticker:  ADMA
Current Index:  2072787
Gapped Up:  ADMA 2020-08-24 00:00:00-04:00
Current Ticker:  ADILW
Current Index:  2008859
Current Ticker:  ADIL
Current Index:  2008678
Current Ticker:  ADI
Current Index:  2003771
Current Ticker:  ADES
Current Index:  1881095
Current Ticker:  ADBE
Current Index:  1866047
Current Ticker:  ADAP
Current Index:  1742506
Current Ticker:  ACWX
Current Index:  1704697
Current Ticker:  ACWI
Current Index:  1645884
Current Ticker:  ACTG
Current Index:  1542370
Current Ticker:  ACTCU
Current Index:  1526033
Current Ticker:  ACT
Current Index:  1525868
Current Ticker:  ACST
Current Index:  1525711
Current Ticker:  ACRX
Current Index:  1502159
Current Ticker:  ACRS
Current Index:  1446386
Current Ticker:  ACOR
Current Index:  1397418
Current Ticker:  ACNB
Current Index:  1328430
Current Ticker:  ACMR
Current Index:  1326925
Current Ticker:  ACLS
Current Index:  1300691
Current Ticker:  ACIW
Current Index:  1267017
Current Ticker:  ACIU
Current Index:  1201456
Current Ticker:  ACIA
Current Index:  1185834
Current Ticker:  ACHV
Current Index:  1130022
Gapped Up:  ACHV 2020-07-29 00:00:00-04:00
Current Ticker:  ACHC
Current Index:  1116815
Current Ticker:  ACGLP
Current Index:  1048375
Current Ticker:  ACGLO
Current Index:  1045338
Current Ticker:  ACGL
Current Index:  1043554
Current Ticker:  ACEVW
Current Index:  942360
Current Ticker:  ACEVU
Current Index:  942338
Current Ticker:  ACEV
Current Index:  941939
Current Ticker:  ACET
Current Index:  941932
Current Ticker:  ACER
Current Index:  941579
Current Ticker:  ACCD
Current Index:  934215
Current Ticker:  ACBI
Current Index:  927077
Current Ticker:  ACAMW
Current Index:  915126
Current Ticker:  ACAMU
Current Index:  914964
Current Ticker:  ACAM
Current Index:  914706
Current Ticker:  ACAD
Current Index:  914200
Current Ticker:  ABUS
Current Index:  821292
Current Ticker:  ABTX
Current Index:  783886
Current Ticker:  ABMD
Current Index:  772434
Current Ticker:  ABIO
Current Index:  713419
Current Ticker:  ABEO
Current Index:  707155
Current Ticker:  ABCB
Current Index:  645220
Current Ticker:  AAXN
Current Index:  604672
Current Ticker:  AAXJ
Current Index:  536527
Current Ticker:  AAWW
Current Index:  459642
Current Ticker:  AAPL
Current Index:  417478
Current Ticker:  AAON
Current Index:  239706
Current Ticker:  AAOI
Current Index:  216930
Current Ticker:  AAME
Current Index:  166513
Current Ticker:  AAL
Current Index:  166230
Gapped Up:  AAL 2020-06-05 00:00:00-04:00
Gapped Up:  AAL 2020-04-07 00:00:00-04:00
Writing Ticker:  ADMA
Writing Ticker:  ACHV
Writing Ticker:  AAL
Writing Ticker:  AAL
Loading Data:
Starting Segmentation:
Current Ticker:  QLGN
Current Index:  1811214
Current Ticker:  QK
Current Index:  1807684
Current Ticker:  QIWI
Current Index:  1807418
Current Ticker:  QH
Current Index:  1772044
Current Ticker:  QFIN
Current Index:  1770964
Current Ticker:  QELLU
Current Index:  1736816
Current Ticker:  QDEL
Current Index:  1736603
Current Ticker:  QCRH
Current Index:  1689594
Current Ticker:  QCOM
Current Index:  1685150
Current Ticker:  QCLN
Current Index:  1519556
Current Ticker:  QAT
Current Index:  1517331
Current Ticker:  QADB
Current Index:  1516532
Current Ticker:  QADA
Current Index:  1516401
Current Ticker:  QABA
Current Index:  1509698
Current Ticker:  PZZA
Current Index:  1508810
Current Ticker:  PYZ
Current Index:  1432633
Current Ticker:  PYPL
Current Index:  1432380
Current Ticker:  PYPD
Current Index:  1268209
Current Ticker:  PY
Current Index:  1267622
Current Ticker:  PXS
Current Index:  1267492
Current Ticker:  PXLW
Current Index:  1266556
Current Ticker:  PXI
Current Index:  1235669
Current Ticker:  PWOD
Current Index:  1235307
Current Ticker:  PWFL
Current Index:  1234694
Current Ticker:  PVBC
Current Index:  1227512
Current Ticker:  PVAC
Current Index:  1225510
Current Ticker:  PUYI
Current Index:  1195942
Current Ticker:  PULM
Current Index:  1194118
Current Ticker:  PUI
Current Index:  1183774
Current Ticker:  PTVE
Current Index:  1182711
Current Ticker:  PTVCB
Current Index:  1179516
Current Ticker:  PTVCA
Current Index:  1177423
Current Ticker:  PTSI
Current Index:  1177280
Current Ticker:  PTRS
Current Index:  1176660
Current Ticker:  PTON
Current Index:  1176629
Current Ticker:  PTNR
Current Index:  1091736
Current Ticker:  PTMN
Current Index:  1091521
Current Ticker:  PTI
Current Index:  1087409
Current Ticker:  PTH
Current Index:  1046628
Current Ticker:  PTGX
Current Index:  1045620
Current Ticker:  PTF
Current Index:  1018226
Current Ticker:  PTEN
Current Index:  1017169
Current Ticker:  PTE
Current Index:  856712
Current Ticker:  PTCT
Current Index:  835284
Current Ticker:  PTC
Current Index:  770390
Current Ticker:  PTACW
Current Index:  685526
Current Ticker:  PTACU
Current Index:  685297
Current Ticker:  PTAC
Current Index:  685106
Current Ticker:  PT
Current Index:  684485
Current Ticker:  PSTX
Current Index:  680712
Current Ticker:  PSTV
Current Index:  674146
Current Ticker:  PSTI
Current Index:  669740
Current Ticker:  PSNL
Current Index:  656957
Current Ticker:  PSMT
Current Index:  632927
Current Ticker:  PSM
Current Index:  612799
Current Ticker:  PSL
Current Index:  612720
Current Ticker:  PSHG
Current Index:  612203
Current Ticker:  PSET
Current Index:  611933
Current Ticker:  PSEC
Current Index:  611796
Current Ticker:  PSCU
Current Index:  533591
Current Ticker:  PSCT
Current Index:  533365
Current Ticker:  PSCM
Current Index:  532587
Current Ticker:  PSCI
Current Index:  532398
Current Ticker:  PSCH
Current Index:  532098
Current Ticker:  PSCF
Current Index:  530910
Current Ticker:  PSCE
Current Index:  530481
Current Ticker:  PSCD
Current Index:  529604
Current Ticker:  PSCC
Current Index:  529254
Current Ticker:  PSC
Current Index:  528988
Current Ticker:  PSACW
Current Index:  528834
Current Ticker:  PSACU
Current Index:  528785
Current Ticker:  PSAC
Current Index:  528505
Current Ticker:  PS
Current Index:  528479
Current Ticker:  PRVL
Current Index:  421913
Current Ticker:  PRVB
Current Index:  412075
Current Ticker:  PRTS
Current Index:  382729
Current Ticker:  PRTK
Current Index:  364305
Current Ticker:  PRTH
Current Index:  325193
Current Ticker:  PRTA
Current Index:  323683
Current Ticker:  PRSC
Current Index:  295423
Current Ticker:  PRQR
Current Index:  284394
Current Ticker:  PRPO
Current Index:  262927
Current Ticker:  PRPLW
Current Index:  254020
Current Ticker:  PRPL
Current Index:  253068
Current Ticker:  PRPH
Current Index:  224397
Current Ticker:  PROV
Current Index:  223788
Current Ticker:  PROG
Current Index:  222880
Current Ticker:  PROF
Current Index:  220700
Current Ticker:  PRNB
Current Index:  217911
Current Ticker:  PRN
Current Index:  186933
Current Ticker:  PRLD
Current Index:  186527
Current Ticker:  PRIM
Current Index:  185599
Current Ticker:  PRGX
Current Index:  158676
Current Ticker:  PRGS
Current Index:  153518
Current Ticker:  PRFZ
Current Index:  114062
Current Ticker:  PRFX
Current Index:  109117
Current Ticker:  PRFT
Current Index:  109028
Current Ticker:  PRDO
Current Index:  77444
Current Ticker:  PRCP
Current Index:  55112
Current Ticker:  PRAH
Current Index:  52776
Loading Data:
Starting Segmentation:
Current Ticker:  IBTJ
Current Index:  1914887
Current Ticker:  IBTI
Current Index:  1914699
Current Ticker:  IBTH
Current Index:  1914553
Current Ticker:  IBTG
Current Index:  1914426
Current Ticker:  IBTF
Current Index:  1914226
Current Ticker:  IBTE
Current Index:  1914068
Current Ticker:  IBTD
Current Index:  1913922
Current Ticker:  IBTB
Current Index:  1913742
Current Ticker:  IBTA
Current Index:  1913617
Current Ticker:  IBOC
Current Index:  1913422
Current Ticker:  IBKR
Current Index:  1888578
Current Ticker:  IBEX
Current Index:  1815116
Current Ticker:  IBCP
Current Index:  1812954
Current Ticker:  IBB
Current Index:  1800032
Current Ticker:  IART
Current Index:  1707740
Current Ticker:  IAC
Current Index:  1654103
Current Ticker:  HZNP
Current Index:  1579226
Current Ticker:  HYZD
Current Index:  1466782
Current Ticker:  HYXF
Current Index:  1464609
Current Ticker:  HYXE
Current Index:  1464569
Current Ticker:  HYRE
Current Index:  1463925
Current Ticker:  HYMCZ
Current Index:  1450455
Current Ticker:  HYMCW
Current Index:  1450414
Current Ticker:  HYMC
Current Index:  1449223
Current Ticker:  HYLS
Current Index:  1447565
Current Ticker:  HYACW
Current Index:  1431937
Current Ticker:  HYACU
Current Index:  1431403
Current Ticker:  HYAC
Current Index:  1430914
Current Ticker:  HX
Current Index:  1428255
Current Ticker:  HWKN
Current Index:  1418386
Current Ticker:  HWCPZ
Current Index:  1415053
Current Ticker:  HWCPL
Current Index:  1414680
Current Ticker:  HWCC
Current Index:  1414284
Current Ticker:  HWC
Current Index:  1411867
Current Ticker:  HWBK
Current Index:  1359702
Current Ticker:  HVBC
Current Index:  1358628
Current Ticker:  HUSN
Current Index:  1358488
Current Ticker:  HURN
Current Index:  1357058
Current Ticker:  HURC
Current Index:  1339156
Current Ticker:  HUIZ
Current Index:  1336506
Current Ticker:  HUGE
Current Index:  1335267
Current Ticker:  HUBG
Current Index:  1333590
Current Ticker:  HTLFP
Current Index:  1298419
Current Ticker:  HTLF
Current Index:  1298139
Current Ticker:  HTLD
Current Index:  1285523
Current Ticker:  HTIA
Current Index:  1241148
Current Ticker:  HTHT
Current Index:  1240928
Current Ticker:  HTGM
Current Index:  1141652
Current Ticker:  HTBX
Current Index:  1125195
Current Ticker:  HTBK
Current Index:  1096191
Current Ticker:  HTBI
Current Index:  1071400
Current Ticker:  HSTO
Current Index:  1066211
Current Ticker:  HSTM
Current Index:  1065758
Current Ticker:  HSON
Current Index:  1047530
Current Ticker:  HSKA
Current Index:  1047123
Current Ticker:  HSII
Current Index:  1034983
Current Ticker:  HSIC
Current Index:  1017957
Current Ticker:  HSDT
Current Index:  919011
Current Ticker:  HSAQ
Current Index:  910926
Current Ticker:  HRZN
Current Index:  910804
Current Ticker:  HRTX
Current Index:  902286
Current Ticker:  HROW
Current Index:  828894
Current Ticker:  HRMY
Current Index:  812832
Current Ticker:  HQY
Current Index:  810455
Current Ticker:  HQI
Current Index:  732393
Current Ticker:  HPKEW
Current Index:  732055
Current Ticker:  HPK
Current Index:  732051
Current Ticker:  HOVNP
Current Index:  731983
Current Ticker:  HOTH
Current Index:  731704
Current Ticker:  HOPE
Current Index:  728642
Current Ticker:  HOOK
Current Index:  655499
Current Ticker:  HONE
Current Index:  649813
Current Ticker:  HOMB
Current Index:  630471
Current Ticker:  HOLX
Current Index:  556972
Current Ticker:  HOLUU
Current Index:  439850
Current Ticker:  HOLI
Current Index:  439712
Current Ticker:  HOFVW
Current Index:  409473
Current Ticker:  HOFV
Current Index:  409062
Current Ticker:  HOFT
Current Index:  407432
Current Ticker:  HNRG
Current Index:  396364
Current Ticker:  HNNA
Current Index:  389560
Current Ticker:  HNDL
Current Index:  389065
Current Ticker:  HMTV
Current Index:  388350
Current Ticker:  HMSY
Current Index:  385028
Current Ticker:  HMST
Current Index:  328168
Current Ticker:  HMNF
Current Index:  309689
Current Ticker:  HMHC
Current Index:  309375
Current Ticker:  HLNE
Current Index:  231858
Current Ticker:  HLIT
Current Index:  206672
Current Ticker:  HLIO
Current Index:  143850
Current Ticker:  HLG
Current Index:  135166
Current Ticker:  HLAL
Current Index:  133036
Current Ticker:  HJLIW
Current Index:  132751
Current Ticker:  HJLI
Current Index:  132603
Gapped Up:  HJLI 2020-08-21 00:00:00-04:00
Current Ticker:  HIMX
Current Index:  126292
Current Ticker:  HIHO
Current Index:  67809
Current Ticker:  HIFS
Current Index:  66894
Current Ticker:  HIBB
Current Index:  66329
Current Ticker:  HHT
Current Index:  4505
Writing Ticker:  HJLI
Loading Data:
Starting Segmentation:
Current Ticker:  EOG
Current Index:  3791809
Current Ticker:  EOD
Current Index:  3647814
Current Ticker:  ENZ
Current Index:  3635617
Current Ticker:  ENVA
Current Index:  3610129
Current Ticker:  ENV
Current Index:  3577041
Current Ticker:  ENS
Current Index:  3538363
Current Ticker:  ENR
Current Index:  3503466
Current Ticker:  ENO
Current Index:  3425324
Current Ticker:  ENLC
Current Index:  3424816
Current Ticker:  ENJ
Current Index:  3302881
Current Ticker:  ENIC
Current Index:  3302656
Current Ticker:  ENIA
Current Index:  3259856
Current Ticker:  ENBL
Current Index:  3176656
Current Ticker:  ENBA
Current Index:  3105928
Current Ticker:  ENB
Current Index:  3101892
Current Ticker:  EMR
Current Index:  2963986
Current Ticker:  EMP
Current Index:  2831087
Current Ticker:  EMO
Current Index:  2830275
Current Ticker:  EMN
Current Index:  2810710
Current Ticker:  EMF
Current Index:  2714954
Current Ticker:  EME
Current Index:  2712568
Current Ticker:  EMD
Current Index:  2673177
Current Ticker:  ELY
Current Index:  2657038
Current Ticker:  ELVT
Current Index:  2563253
Current Ticker:  ELU
Current Index:  2538815
Current Ticker:  ELS
Current Index:  2538328
Current Ticker:  ELP
Current Index:  2473375
Current Ticker:  ELJ
Current Index:  2420795
Current Ticker:  ELF
Current Index:  2420147
Current Ticker:  ELC
Current Index:  2350714
Current Ticker:  ELAT
Current Index:  2349483
Current Ticker:  ELAN
Current Index:  2348905
Current Ticker:  EL
Current Index:  2209410
Current Ticker:  EIX
Current Index:  2102562
Current Ticker:  EIG
Current Index:  1983626
Current Ticker:  EIC
Current Index:  1961681
Current Ticker:  EHT
Current Index:  1961146
Current Ticker:  EHI
Current Index:  1959504
Current Ticker:  EHC
Current Index:  1951271
Current Ticker:  EGY
Current Index:  1882109
Current Ticker:  EGP
Current Index:  1861324
Current Ticker:  EGO
Current Index:  1832880
Current Ticker:  EGHT
Current Index:  1732189
Current Ticker:  EGF
Current Index:  1637062
Current Ticker:  EFX
Current Index:  1636608
Current Ticker:  EFT
Current Index:  1558129
Current Ticker:  EFR
Current Index:  1547239
Current Ticker:  EFL
Current Index:  1533812
Current Ticker:  EFF
Current Index:  1530930
Current Ticker:  EFC
Current Index:  1529215
Current Ticker:  EEX
Current Index:  1494699
Current Ticker:  EEA
Current Index:  1470399
Current Ticker:  EDU
Current Index:  1469879
Current Ticker:  EDN
Current Index:  1372409
Current Ticker:  EDI
Current Index:  1367759
Current Ticker:  EDF
Current Index:  1364939
Current Ticker:  EDD
Current Index:  1360319
Current Ticker:  ED
Current Index:  1341208
Current Ticker:  ECOM
Current Index:  1235268
Current Ticker:  ECL
Current Index:  1216695
Current Ticker:  ECCY
Current Index:  1130802
Current Ticker:  ECCX
Current Index:  1130547
Current Ticker:  ECCB
Current Index:  1130233
Current Ticker:  ECC
Current Index:  1129895
Current Ticker:  EC
Current Index:  1121419
Current Ticker:  EBS
Current Index:  1045458
Current Ticker:  EBR.B
Current Index:  1000330
Current Ticker:  EBR
Current Index:  997676
Current Ticker:  EBF
Current Index:  951020
Current Ticker:  EB
Current Index:  930488
Current Ticker:  EAT
Current Index:  866150
Current Ticker:  EARN
Current Index:  769772
Current Ticker:  EAI
Current Index:  761678
Current Ticker:  EAF
Current Index:  760150
Current Ticker:  EAE
Current Index:  652403
Current Ticker:  EAB
Current Index:  651873
Current Ticker:  E
Current Index:  651291
Current Ticker:  DYFN
Current Index:  626426
Current Ticker:  DY
Current Index:  626200
Current Ticker:  DXC
Current Index:  579248
Current Ticker:  DX
Current Index:  443630
Current Ticker:  DVN
Current Index:  409199
Current Ticker:  DVD
Current Index:  239986
Current Ticker:  DVA
Current Index:  239590
Current Ticker:  DUKH
Current Index:  143650
Current Ticker:  DUKB
Current Index:  142092
Current Ticker:  DUK
Current Index:  140025
Current Ticker:  DUC
Current Index:  7364
Current Ticker:  DTY
Current Index:  6173
Current Ticker:  DTW
Current Index:  4548
Current Ticker:  DTQ
Current Index:  3382
Current Ticker:  DTP
Current Index:  2726
Current Ticker:  DTJ
Current Index:  1401
Loading Data:
Starting Segmentation:
Current Ticker:  RMT
Current Index:  4226423
Current Ticker:  RMM
Current Index:  4214699
Current Ticker:  RMI
Current Index:  4212794
Current Ticker:  RMG.U
Current Index:  4212107
Current Ticker:  RMG
Current Index:  4211965
Current Ticker:  RMED
Current Index:  4210568
Current Ticker:  RMD
Current Index:  4202938
Current Ticker:  RMAX
Current Index:  4141228
Current Ticker:  RM
Current Index:  4122120
Current Ticker:  RLJ
Current Index:  4114986
Current Ticker:  RLI
Current Index:  4002743
Current Ticker:  RLH
Current Index:  3981225
Current Ticker:  RLGY
Current Index:  3968041
Current Ticker:  RL
Current Index:  3845910
Current Ticker:  RKT
Current Index:  3755275
Current Ticker:  RJF
Current Index:  3740864
Current Ticker:  RIV
Current Index:  3665277
Current Ticker:  RIO
Current Index:  3662177
Current Ticker:  RIG
Current Index:  3553020
Gapped Up:  RIG 2020-06-08 00:00:00-04:00
Current Ticker:  RHP
Current Index:  3389668
Current Ticker:  RHI
Current Index:  3341491
Current Ticker:  RH
Current Index:  3255412
Current Ticker:  RGT
Current Index:  3180183
Current Ticker:  RGS
Current Index:  3179306
Current Ticker:  RGR
Current Index:  3139547
Current Ticker:  RGA
Current Index:  3117700
Current Ticker:  RFP
Current Index:  3066164
Current Ticker:  RFM
Current Index:  3021312
Current Ticker:  RFL
Current Index:  3020991
Current Ticker:  RFI
Current Index:  3017546
Current Ticker:  RF
Current Index:  3013056
Current Ticker:  REZI
Current Index:  2843367
Current Ticker:  REXR
Current Index:  2743904
Current Ticker:  REX
Current Index:  2667591
Current Ticker:  REVG
Current Index:  2663143
Current Ticker:  REV
Current Index:  2626017
Current Ticker:  RESI
Current Index:  2621656
Current Ticker:  RES
Current Index:  2579779
Current Ticker:  RENN
Current Index:  2459924
Current Ticker:  RELX
Current Index:  2455999
Current Ticker:  RE
Current Index:  2417486
Current Ticker:  RDY
Current Index:  2376934
Current Ticker:  RDS.B
Current Index:  2342265
Current Ticker:  RDS.A
Current Index:  2258920
Current Ticker:  RDN
Current Index:  2128459
Current Ticker:  RCUS
Current Index:  2025110
Current Ticker:  RCS
Current Index:  1995620
Current Ticker:  RCP
Current Index:  1987637
Current Ticker:  RCL
Current Index:  1987174
Current Ticker:  RCI
Current Index:  1863709
Current Ticker:  RCB
Current Index:  1824671
Current Ticker:  RCA
Current Index:  1824149
Current Ticker:  RC
Current Index:  1823650
Current Ticker:  RBC
Current Index:  1792932
Current Ticker:  RBA
Current Index:  1759283
Current Ticker:  RAMP
Current Index:  1711528
Current Ticker:  RAD
Current Index:  1646420
Current Ticker:  RACE
Current Index:  1541314
Current Ticker:  RA
Current Index:  1504217
Current Ticker:  R
Current Index:  1494193
Current Ticker:  QVCD
Current Index:  1433923
Current Ticker:  QVCC
Current Index:  1432721
Current Ticker:  QUOT
Current Index:  1430584
Current Ticker:  QUAD
Current Index:  1372699
Current Ticker:  QTWO
Current Index:  1327002
Current Ticker:  QTS
Current Index:  1278501
Current Ticker:  QSR
Current Index:  1220653
Current Ticker:  QGEN
Current Index:  1107228
Current Ticker:  QEP
Current Index:  1017622
Gapped Up:  QEP 2020-04-30 00:00:00-04:00
Current Ticker:  QD
Current Index:  879193
Current Ticker:  PZN
Current Index:  765155
Current Ticker:  PZC
Current Index:  758358
Current Ticker:  PYT
Current Index:  756952
Current Ticker:  PYS
Current Index:  756761
Current Ticker:  PYN
Current Index:  756318
Current Ticker:  PXD
Current Index:  755695
Current Ticker:  PWR
Current Index:  645467
Current Ticker:  PVL
Current Index:  549398
Current Ticker:  PVH
Current Index:  547927
Current Ticker:  PVG
Current Index:  457312
Current Ticker:  PUMP
Current Index:  348794
Current Ticker:  PUK
Current Index:  227310
Current Ticker:  PTY
Current Index:  195581
Current Ticker:  PTR
Current Index:  183395
Current Ticker:  PSXP
Current Index:  170866
Current Ticker:  PSX
Current Index:  127325
Writing Ticker:  RIG
Writing Ticker:  QEP
Loading Data:
Starting Segmentation:
Current Ticker:  FE
Current Index:  4923749
Current Ticker:  FDX
Current Index:  4774096
Current Ticker:  FDS
Current Index:  4659831
Current Ticker:  FDP
Current Index:  4616598
Current Ticker:  FDEU
Current Index:  4588906
Current Ticker:  FCX
Current Index:  4583866
Current Ticker:  FCT
Current Index:  4412824
Current Ticker:  FCRZ
Current Index:  4406657
Current Ticker:  FCRW
Current Index:  4406641
Current Ticker:  FCPT
Current Index:  4406627
Current Ticker:  FCN
Current Index:  4354075
Current Ticker:  FCF
Current Index:  4315117
Current Ticker:  FCAU
Current Index:  4267086
Current Ticker:  FC
Current Index:  4150521
Current Ticker:  FBP
Current Index:  4141040
Current Ticker:  FBM
Current Index:  4037833
Current Ticker:  FBK
Current Index:  4006402
Current Ticker:  FBHS
Current Index:  3994817
Current Ticker:  FBC
Current Index:  3897607
Current Ticker:  FAM
Current Index:  3854689
Current Ticker:  FAF
Current Index:  3852691
Current Ticker:  F
Current Index:  3784096
Current Ticker:  EZT
Current Index:  3612988
Current Ticker:  EXTN
Current Index:  3612350
Current Ticker:  EXR
Current Index:  3586207
Current Ticker:  EXPR
Current Index:  3511929
Current Ticker:  EXP
Current Index:  3406723
Current Ticker:  EXK
Current Index:  3354019
Current Ticker:  EXG
Current Index:  3269696
Current Ticker:  EXD
Current Index:  3233908
Current Ticker:  EW
Current Index:  3232624
Current Ticker:  EVTC
Current Index:  3132396
Current Ticker:  EVT
Current Index:  3082782
Current Ticker:  EVRI
Current Index:  3073877
Current Ticker:  EVRG
Current Index:  2985209
Current Ticker:  EVR
Current Index:  2878013
Current Ticker:  EVN
Current Index:  2821476
Current Ticker:  EVH
Current Index:  2815023
Current Ticker:  EVG
Current Index:  2720193
Current Ticker:  EVF
Current Index:  2718668
Current Ticker:  EVC
Current Index:  2708266
Current Ticker:  EVA
Current Index:  2670980
Current Ticker:  EV
Current Index:  2664251
Current Ticker:  EURN
Current Index:  2597064
Current Ticker:  ETY
Current Index:  2523807
Current Ticker:  ETX
Current Index:  2502857
Current Ticker:  ETW
Current Index:  2502047
Current Ticker:  ETV
Current Index:  2485929
Current Ticker:  ETRN
Current Index:  2469966
Current Ticker:  ETR
Current Index:  2324300
Current Ticker:  ETO
Current Index:  2235400
Current Ticker:  ETN
Current Index:  2232283
Current Ticker:  ETM
Current Index:  2107281
Current Ticker:  ETJ
Current Index:  2032201
Current Ticker:  ETH
Current Index:  2017511
Current Ticker:  ETG
Current Index:  1979867
Current Ticker:  ETB
Current Index:  1967689
Current Ticker:  ET
Current Index:  1963298
Current Ticker:  ESTE
Current Index:  1801043
Current Ticker:  ESTC
Current Index:  1781388
Current Ticker:  ESS
Current Index:  1697183
Current Ticker:  ESRT
Current Index:  1655841
Current Ticker:  ESNT
Current Index:  1555540
Current Ticker:  ESI
Current Index:  1491203
Current Ticker:  ESGC
Current Index:  1382535
Current Ticker:  ESE
Current Index:  1380621
Current Ticker:  ES
Current Index:  1366727
Current Ticker:  EROS
Current Index:  1261240
Current Ticker:  ERJ
Current Index:  1179016
Current Ticker:  ERF
Current Index:  1098235
Current Ticker:  EQT
Current Index:  1016330
Current Ticker:  EQS
Current Index:  853740
Current Ticker:  EQR
Current Index:  853474
Current Ticker:  EQNR
Current Index:  752820
Current Ticker:  EQH
Current Index:  636782
Current Ticker:  EQD.U
Current Index:  497600
Current Ticker:  EQC
Current Index:  497210
Current Ticker:  EPRT
Current Index:  432990
Current Ticker:  EPR
Current Index:  350435
Current Ticker:  EPD
Current Index:  288252
Current Ticker:  EPC
Current Index:  141171
Current Ticker:  EPAM
Current Index:  83123
Current Ticker:  EPAC
Current Index:  37857
Current Ticker:  EOT
Current Index:  16308
Current Ticker:  EOS
Current Index:  14558
Current Ticker:  EOI
Current Index:  5938
Loading Data:
Starting Segmentation:
Current Ticker:  ATNI
Current Index:  1970368
Current Ticker:  ATLO
Current Index:  1962694
Current Ticker:  ATLC
Current Index:  1961570
Current Ticker:  ATIF
Current Index:  1959493
Current Ticker:  ATHX
Current Index:  1957700
Current Ticker:  ATHE
Current Index:  1900899
Current Ticker:  ATHA
Current Index:  1898528
Current Ticker:  ATEX
Current Index:  1897387
Current Ticker:  ATEC
Current Index:  1885895
Current Ticker:  ATCXW
Current Index:  1852234
Current Ticker:  ATCX
Current Index:  1851957
Current Ticker:  ATAX
Current Index:  1851393
Current Ticker:  ASYS
Current Index:  1844137
Current Ticker:  ASUR
Current Index:  1837620
Current Ticker:  ASTE
Current Index:  1820269
Current Ticker:  ASTC
Current Index:  1796632
Current Ticker:  ASRVP
Current Index:  1793244
Current Ticker:  ASRV
Current Index:  1793111
Current Ticker:  ASRT
Current Index:  1792700
Current Ticker:  ASPU
Current Index:  1732591
Current Ticker:  ASPS
Current Index:  1724535
Current Ticker:  ASO
Current Index:  1713191
Current Ticker:  ASND
Current Index:  1712170
Current Ticker:  ASML
Current Index:  1675722
Current Ticker:  ASMB
Current Index:  1616928
Current Ticker:  ASLN
Current Index:  1586082
Current Ticker:  ASFI
Current Index:  1583139
Current Ticker:  ASET
Current Index:  1582761
Current Ticker:  ARYBW
Current Index:  1582625
Current Ticker:  ARYBU
Current Index:  1582601
Current Ticker:  ARYB
Current Index:  1581792
Current Ticker:  ARYA
Current Index:  1581671
Current Ticker:  ARWR
Current Index:  1580076
Current Ticker:  ARVN
Current Index:  1486184
Current Ticker:  ARTW
Current Index:  1450300
Current Ticker:  ARTNA
Current Index:  1449500
Current Ticker:  ARTLW
Current Index:  1447856
Current Ticker:  ARTL
Current Index:  1447763
Current Ticker:  ARQT
Current Index:  1446224
Current Ticker:  ARPO
Current Index:  1438873
Current Ticker:  AROW
Current Index:  1430515
Current Ticker:  ARNA
Current Index:  1428737
Current Ticker:  ARLP
Current Index:  1376151
Current Ticker:  ARKR
Current Index:  1337857
Current Ticker:  ARGX
Current Index:  1337471
Current Ticker:  AREC
Current Index:  1311560
Current Ticker:  ARDX
Current Index:  1310035
Current Ticker:  ARDS
Current Index:  1264888
Current Ticker:  ARCT
Current Index:  1264347
Current Ticker:  ARCE
Current Index:  1244271
Current Ticker:  ARCC
Current Index:  1219913
Current Ticker:  ARCB
Current Index:  1119748
Current Ticker:  ARAY
Current Index:  1088344
Current Ticker:  ARAV
Current Index:  1030871
Current Ticker:  AQST
Current Index:  1022272
Current Ticker:  AQMS
Current Index:  999761
Current Ticker:  AQB
Current Index:  974226
Current Ticker:  APYX
Current Index:  967194
Current Ticker:  APXTW
Current Index:  954106
Current Ticker:  APXTU
Current Index:  953677
Current Ticker:  APXT
Current Index:  953463
Current Ticker:  APWC
Current Index:  952879
Current Ticker:  APVO
Current Index:  952248
Current Ticker:  APTX
Current Index:  945193
Current Ticker:  APTO
Current Index:  928337
Current Ticker:  APRE
Current Index:  895214
Current Ticker:  APPS
Current Index:  887704
Current Ticker:  APPN
Current Index:  794277
Current Ticker:  APPF
Current Index:  734024
Current Ticker:  APOPW
Current Index:  714990
Current Ticker:  APOP
Current Index:  714915
Current Ticker:  APOG
Current Index:  711649
Current Ticker:  APM
Current Index:  685864
Current Ticker:  APLT
Current Index:  683998
Current Ticker:  APLS
Current Index:  671648
Current Ticker:  API
Current Index:  620598
Current Ticker:  APHA
Current Index:  609817
Current Ticker:  APEX
Current Index:  504581
Current Ticker:  APEN
Current Index:  502978
Current Ticker:  APEI
Current Index:  502007
Current Ticker:  APDN
Current Index:  488233
Current Ticker:  APA
Current Index:  480248
Current Ticker:  AOUT
Current Index:  318249
Current Ticker:  AOSL
Current Index:  315933
Current Ticker:  ANY
Current Index:  302703
Current Ticker:  ANTE
Current Index:  299445
Current Ticker:  ANSS
Current Index:  298422
Current Ticker:  ANPC
Current Index:  246188
Current Ticker:  ANNX
Current Index:  245514
Current Ticker:  ANIX
Current Index:  241683
Current Ticker:  ANIP
Current Index:  237671
Current Ticker:  ANIK
Current Index:  224492
Current Ticker:  ANGO
Current Index:  204890
Current Ticker:  ANGL
Current Index:  166026
Current Ticker:  ANGI
Current Index:  137471
Current Ticker:  ANDE
Current Index:  25544
Current Ticker:  ANDAW
Current Index:  1087
Current Ticker:  ANDAU
Current Index:  626
Current Ticker:  ANDAR
Current Index:  418
Current Ticker:  ANDA
Current Index:  252
Loading Data:
Starting Segmentation:
Current Ticker:  BAC
Current Index:  4604224
Current Ticker:  BABA
Current Index:  4429718
Current Ticker:  BA
Current Index:  4258907
Current Ticker:  B
Current Index:  4110338
Current Ticker:  AZZ
Current Index:  4085255
Current Ticker:  AZUL
Current Index:  4067026
Current Ticker:  AZRE
Current Index:  4007427
Current Ticker:  AZO
Current Index:  4004376
Current Ticker:  AZN
Current Index:  3966503
Current Ticker:  AZEK
Current Index:  3837420
Current Ticker:  AYX
Current Index:  3823253
Current Ticker:  AYI
Current Index:  3732105
Current Ticker:  AXTA
Current Index:  3685640
Current Ticker:  AXS
Current Index:  3556457
Current Ticker:  AXR
Current Index:  3488968
Current Ticker:  AXP
Current Index:  3488561
Current Ticker:  AXO
Current Index:  3346439
Current Ticker:  AXL
Current Index:  3346176
Current Ticker:  AX
Current Index:  3228046
Current Ticker:  AWR
Current Index:  3192045
Current Ticker:  AWP
Current Index:  3170920
Current Ticker:  AWK
Current Index:  3144216
Current Ticker:  AWI
Current Index:  3070015
Current Ticker:  AWF
Current Index:  3021574
Current Ticker:  AVYA
Current Index:  3009133
Current Ticker:  AVY
Current Index:  2902094
Current Ticker:  AVTR
Current Index:  2842255
Current Ticker:  AVNT
Current Index:  2739959
Current Ticker:  AVNS
Current Index:  2731603
Current Ticker:  AVLR
Current Index:  2689964
Current Ticker:  AVK
Current Index:  2611359
Current Ticker:  AVD
Current Index:  2601953
Current Ticker:  AVB
Current Index:  2589238
Current Ticker:  AVAL
Current Index:  2521510
Current Ticker:  AVA
Current Index:  2502564
Current Ticker:  AUY
Current Index:  2453263
Current Ticker:  AU
Current Index:  2310566
Current Ticker:  ATV
Current Index:  2178169
Current Ticker:  ATUS
Current Index:  2177808
Current Ticker:  ATTO
Current Index:  2020745
Current Ticker:  ATR
Current Index:  2008250
Current Ticker:  ATO
Current Index:  1974753
